Arguments: 
  /usr/local/bin/node /Users/rtaelman/.yarn/bin/yarn.js add immutable

PATH: 
  /Users/rtaelman/.yarn/bin:/usr/local/bin:/usr/bin:/bin:/usr/sbin:/sbin:/Library/TeX/texbin:/Users/rtaelman/.rwdotfiles/bin/:/Users/rtaelman/nosync/dotfiles/bin/:/Users/rtaelman/nosync/RepoFixer:/Users/rtaelman/nosync/scanify

Yarn version: 
  1.2.0

Node version: 
  8.5.0

Platform: 
  darwin x64

npm manifest: 
  {
    "name": "@comunica/bus-query-operation",
    "version": "0.0.1",
    "description": "A comunica bus for query-operation events.",
    "lsd:module": "https://linkedsoftwaredependencies.org/bundles/npm/@comunica/bus-query-operation",
    "lsd:components": "components/components.jsonld",
    "lsd:contexts": {
      "https://linkedsoftwaredependencies.org/contexts/comunica-bus-query-operation.jsonld": "components/context.jsonld"
    },
    "main": "index.js",
    "typings": "index",
    "repository": {
      "type": "git",
      "url": "git+https://github.com/comunica/bus-query-operation.git"
    },
    "keywords": [
      "comunica",
      "bus",
      "query-operation"
    ],
    "license": "MIT",
    "bugs": {
      "url": "https://github.com/comunica/bus-query-operation/issues"
    },
    "homepage": "https://github.com/comunica/bus-query-operation#readme",
    "files": [
      "components",
      "lib/**/*.d.ts",
      "lib/**/*.js",
      "index.d.ts",
      "index.js"
    ],
    "dependencies": {
      "sparqlalgebrajs": "joachimvh/SPARQLAlgebra.js"
    },
    "peerDependencies": {
      "@comunica/core": "^0.0.1"
    },
    "devDependencies": {
      "@comunica/core": "^0.0.1"
    },
    "scripts": {
      "lint": "node \"../../node_modules/tslint/bin/tslint\" lib/**/*.ts test/**/*.ts --exclude '**/*.d.ts'",
      "build": "node \"../../node_modules/typescript/bin/tsc\"",
      "validate": "npm ls",
      "prepare": "npm run build"
    }
  }

yarn manifest: 
  No manifest

Lockfile: 
  No lockfile

Trace: 
  Error: https://registry.npmjs.com/@comunica%2fcore: Not found
      at Request.params.callback [as _callback] (/Users/rtaelman/.yarn/lib/cli.js:61949:18)
      at Request.self.callback (/Users/rtaelman/.yarn/lib/cli.js:122920:22)
      at emitTwo (events.js:125:13)
      at Request.emit (events.js:213:7)
      at Request.<anonymous> (/Users/rtaelman/.yarn/lib/cli.js:123903:10)
      at emitOne (events.js:115:13)
      at Request.emit (events.js:210:7)
      at IncomingMessage.<anonymous> (/Users/rtaelman/.yarn/lib/cli.js:123823:12)
      at Object.onceWrapper (events.js:314:30)
      at emitNone (events.js:110:20)
