Arguments: 
  /usr/local/bin/node /Users/rtaelman/.yarn/bin/yarn.js add uritemplate

PATH: 
  /Users/rtaelman/.yarn/bin:/usr/local/bin:/usr/bin:/bin:/usr/sbin:/sbin:/Library/TeX/texbin:/Users/rtaelman/.rwdotfiles/bin/:/Users/rtaelman/nosync/dotfiles/bin/:/Users/rtaelman/nosync/RepoFixer:/Users/rtaelman/nosync/scanify

Yarn version: 
  1.2.0

Node version: 
  8.5.0

Platform: 
  darwin x64

npm manifest: 
  {
    "name": "@comunica/actor-rdf-metadata-extract-hydra-controls",
    "version": "0.0.1",
    "description": "A hydra-controls rdf-metadata-extract actor",
    "lsd:module": "https://linkedsoftwaredependencies.org/bundles/npm/@comunica/actor-rdf-metadata-extract-hydra-controls",
    "lsd:components": "components/components.jsonld",
    "lsd:contexts": {
      "https://linkedsoftwaredependencies.org/contexts/comunica-actor-rdf-metadata-extract-hydra-controls.jsonld": "components/context.jsonld"
    },
    "main": "index.js",
    "typings": "index",
    "repository": {
      "type": "git",
      "url": "git+https://github.com/comunica/actor-rdf-metadata-extract-hydra-controls.git"
    },
    "keywords": [
      "comunica",
      "actor",
      "rdf-metadata-extract",
      "hydra-controls"
    ],
    "license": "MIT",
    "bugs": {
      "url": "https://github.com/comunica/actor-rdf-metadata-extract-hydra-controls/issues"
    },
    "homepage": "https://github.com/comunica/actor-rdf-metadata-extract-hydra-controls#readme",
    "files": [
      "components",
      "lib/**/*.d.ts",
      "lib/**/*.js",
      "index.d.ts",
      "index.js"
    ],
    "peerDependencies": {
      "@comunica/core": "^0.0.1",
      "@comunica/bus-rdf-metadata-extract": "^0.0.1"
    },
    "devDependencies": {
      "@comunica/core": "^0.0.1",
      "@comunica/bus-rdf-metadata-extract": "^0.0.1"
    },
    "jest": {
      "transform": {
        "^.+\\.ts$": "<rootDir>/../../node_modules/ts-jest/preprocessor.js"
      },
      "transformIgnorePatterns": [
        "[/\\\\]node_modules[/\\\\].+\\.(js|jsx)$"
      ],
      "testRegex": "(/test/.*|(\\.|/)(test|spec))\\.ts$",
      "moduleFileExtensions": [
        "ts",
        "js"
      ],
      "collectCoverage": true,
      "mapCoverage": true
    },
    "scripts": {
      "test": "../../node_modules/.bin/jest ${1}",
      "test-watch": "../../node_modules/.bin/jest ${1} --watch",
      "lint": "../../node_modules/.bin/tslint lib/**/*.ts test/**/*.ts --exclude '**/*.d.ts'",
      "build": "../../node_modules/.bin/tsc",
      "validate": "npm ls",
      "prepare": "npm run build"
    }
  }

yarn manifest: 
  No manifest

Lockfile: 
  No lockfile

Trace: 
  Error: https://registry.npmjs.com/@comunica%2fcore: Not found
      at Request.params.callback [as _callback] (/Users/rtaelman/.yarn/lib/cli.js:61949:18)
      at Request.self.callback (/Users/rtaelman/.yarn/lib/cli.js:122920:22)
      at emitTwo (events.js:125:13)
      at Request.emit (events.js:213:7)
      at Request.<anonymous> (/Users/rtaelman/.yarn/lib/cli.js:123903:10)
      at emitOne (events.js:115:13)
      at Request.emit (events.js:210:7)
      at IncomingMessage.<anonymous> (/Users/rtaelman/.yarn/lib/cli.js:123823:12)
      at Object.onceWrapper (events.js:314:30)
      at emitNone (events.js:110:20)
